2025-02-19 21:27:14 - Initiating config server...
2025-02-19 21:27:16 - Config server initiated.
2025-02-19 21:27:21 - Initiating shard1 (shard1-replica-set) ...
2025-02-19 21:27:22 - Shard1 initiated (shard1-replica-set).
2025-02-19 21:27:27 - Initiating shard2 (shard2-replica-set) ...
2025-02-19 21:27:28 - Shard2 initiated (shard2-replica-set).
2025-02-19 21:27:33 - Configuring mongos router...
2025-02-19 21:27:40 - Mongos router configured. Shards has been added
2025-02-19 21:27:45 - Data inserted into 'helloDoc'.
2025-02-19 21:27:53 - Loading data is completed
2025-02-19 21:28:03 - Counting documents in 'shard1_1'...
2025-02-19 21:28:04 - Document count in 'shard1_1' completed.
2025-02-19 21:28:04 - Counting documents in 'shard1_2'...
2025-02-19 21:28:05 - Document count in 'shard1_2' completed.
2025-02-19 21:28:05 - Counting documents in 'shard1_3'...
2025-02-19 21:28:06 - Document count in 'shard1_3' completed.
2025-02-19 21:28:06 - Counting documents in 'shard2_1'...
2025-02-19 21:28:07 - Document count in 'shard2_1' completed.
2025-02-19 21:28:07 - Counting documents in 'shard2_2'...
2025-02-19 21:28:08 - Document count in 'shard2_2' completed.
2025-02-19 21:28:08 - Counting documents in 'shard2_3'...
2025-02-19 21:28:09 - Document count in 'shard2_3' completed.
