2025-02-18 14:39:54 - Starting MongoDB Sharding setup...
2025-02-18 14:39:54 - Initiating config server...
2025-02-18 14:39:55 - Config server initiated.
2025-02-18 14:40:00 - Initiating shard1...
2025-02-18 14:40:01 - Shard1 initiated.
2025-02-18 14:40:06 - Initiating shard2...
2025-02-18 14:40:08 - Shard2 initiated.
2025-02-18 14:40:13 - Configuring mongos router...
2025-02-18 14:40:14 - Mongos router configured.
2025-02-18 14:40:19 - Enabling sharding for database 'somedb'...
2025-02-18 14:40:20 - Sharding enabled for 'somedb'.
2025-02-18 14:40:25 - Inserting data into 'helloDoc' collection...
2025-02-18 14:40:30 - Data inserted into 'helloDoc'.
2025-02-18 14:40:35 - Counting documents in 'somedb.helloDoc'...
2025-02-18 14:40:36 - Document count in 'somedb.helloDoc' completed.
2025-02-18 14:40:36 - MongoDB Sharding setup completed.
2025-02-18 14:47:06 - Starting MongoDB Sharding setup...
2025-02-18 14:47:06 - Initiating config server...
2025-02-18 14:47:07 - Config server initiated.
2025-02-18 14:47:12 - Initiating shard1...
2025-02-18 14:47:13 - Shard1 initiated.
2025-02-18 14:47:18 - Initiating shard2...
2025-02-18 14:47:19 - Shard2 initiated.
2025-02-18 14:47:24 - Configuring mongos router...
2025-02-18 14:47:25 - Mongos router configured.
2025-02-18 14:47:30 - Enabling sharding for database 'somedb'...
2025-02-18 14:47:31 - Sharding enabled for 'somedb'.
2025-02-18 14:47:36 - Inserting data into 'helloDoc' collection...
2025-02-18 14:47:41 - Data inserted into 'helloDoc'.
2025-02-18 14:47:46 - Counting documents in 'somedb.helloDoc'...
2025-02-18 14:47:47 - Document count in 'somedb.helloDoc' completed.
2025-02-18 14:47:47 - MongoDB Sharding setup completed.
2025-02-18 14:56:31 - Starting MongoDB Sharding setup...
2025-02-18 14:56:31 - Initiating config server...
2025-02-18 14:56:32 - Config server initiated.
2025-02-18 14:56:37 - Initiating shard1...
2025-02-18 14:56:38 - Shard1 initiated.
2025-02-18 14:56:43 - Initiating shard2...
2025-02-18 14:56:44 - Shard2 initiated.
2025-02-18 14:56:50 - Configuring mongos router...
2025-02-18 14:56:51 - Mongos router configured.
2025-02-18 14:56:56 - Enabling sharding for database 'somedb'...
2025-02-18 14:56:57 - Sharding enabled for 'somedb'.
2025-02-18 14:57:02 - Inserting data into 'helloDoc' collection...
2025-02-18 14:57:08 - Data inserted into 'helloDoc'.
2025-02-18 14:57:13 - Counting documents in 'somedb.helloDoc'...
2025-02-18 14:57:14 - Document count in 'somedb.helloDoc' completed.
2025-02-18 14:57:14 - MongoDB Sharding setup completed.
2025-02-18 15:10:18 - Starting MongoDB Sharding setup...
2025-02-18 15:10:18 - Initiating config server...
2025-02-18 15:10:19 - Config server initiated.
2025-02-18 15:10:24 - Initiating shard1...
2025-02-18 15:10:25 - Shard1 initiated.
2025-02-18 15:10:30 - Initiating shard2...
2025-02-18 15:10:31 - Shard2 initiated.
2025-02-18 15:10:36 - Configuring mongos router...
2025-02-18 15:10:37 - Mongos router configured.
2025-02-18 15:10:42 - Data inserted into 'helloDoc'.
2025-02-18 15:10:58 - Counting documents in 'Shard1'...
2025-02-18 15:10:59 - Document count in 'Shard1' completed.
2025-02-18 15:10:59 - Counting documents in 'Shard2'...
2025-02-18 15:11:00 - Document count in 'Shard2' completed.
2025-02-18 15:11:00 - MongoDB Sharding setup completed.
2025-02-18 15:17:32 - Starting MongoDB Sharding setup...
2025-02-18 15:17:32 - Initiating config server...
2025-02-18 15:17:33 - Config server initiated.
2025-02-18 15:17:38 - Initiating shard1...
2025-02-18 15:17:39 - Shard1 initiated.
2025-02-18 15:17:44 - Initiating shard2...
2025-02-18 15:17:45 - Shard2 initiated.
2025-02-18 15:17:50 - Configuring mongos router...
2025-02-18 15:17:51 - Mongos router configured.
2025-02-18 15:17:56 - Data inserted into 'helloDoc'.
2025-02-18 15:18:13 - Counting documents in 'Shard1'...
2025-02-18 15:18:14 - Document count in 'Shard1' completed.
2025-02-18 15:18:14 - Counting documents in 'Shard2'...
2025-02-18 15:18:15 - Document count in 'Shard2' completed.
2025-02-18 15:18:15 - MongoDB Sharding setup completed.
