2025-02-18 23:26:02 - Initiating config server...
2025-02-18 23:26:03 - Config server initiated.
2025-02-18 23:26:08 - Initiating shard1 (shard1-replica-set) ...
2025-02-18 23:26:09 - Shard1 initiated (shard1-replica-set).
2025-02-18 23:26:14 - Initiating shard2 (shard2-replica-set) ...
2025-02-18 23:26:15 - Shard2 initiated (shard2-replica-set).
2025-02-18 23:26:20 - Configuring mongos router...
2025-02-18 23:26:37 - Mongos router configured. Shards has been added
2025-02-18 23:26:42 - Data inserted into 'helloDoc'.
2025-02-18 23:26:49 - Loading data is completed
2025-02-18 23:26:59 - Counting documents in 'shard1_1'...
2025-02-18 23:26:59 - Document count in 'shard1_1' completed.
2025-02-18 23:26:59 - Counting documents in 'shard1_2'...
2025-02-18 23:27:00 - Document count in 'shard1_2' completed.
2025-02-18 23:27:00 - Counting documents in 'shard1_3'...
2025-02-18 23:27:01 - Document count in 'shard1_3' completed.
2025-02-18 23:27:01 - Counting documents in 'shard2_1'...
2025-02-18 23:27:02 - Document count in 'shard2_1' completed.
2025-02-18 23:27:02 - Counting documents in 'shard2_2'...
2025-02-18 23:27:03 - Document count in 'shard2_2' completed.
2025-02-18 23:27:03 - Counting documents in 'shard2_3'...
2025-02-18 23:27:04 - Document count in 'shard2_3' completed.
2025-02-18 23:33:11 - Initiating config server...
2025-02-18 23:33:12 - Config server initiated.
2025-02-18 23:33:17 - Initiating shard1 (shard1-replica-set) ...
2025-02-18 23:33:18 - Shard1 initiated (shard1-replica-set).
2025-02-18 23:33:23 - Initiating shard2 (shard2-replica-set) ...
2025-02-18 23:33:24 - Shard2 initiated (shard2-replica-set).
2025-02-18 23:33:29 - Configuring mongos router...
2025-02-18 23:33:45 - Mongos router configured. Shards has been added
2025-02-18 23:33:50 - Data inserted into 'helloDoc'.
2025-02-18 23:33:57 - Loading data is completed
2025-02-18 23:34:07 - Counting documents in 'shard1_1'...
2025-02-18 23:34:08 - Document count in 'shard1_1' completed.
2025-02-18 23:34:08 - Counting documents in 'shard1_2'...
2025-02-18 23:34:09 - Document count in 'shard1_2' completed.
2025-02-18 23:34:09 - Counting documents in 'shard1_3'...
2025-02-18 23:34:10 - Document count in 'shard1_3' completed.
2025-02-18 23:34:10 - Counting documents in 'shard2_1'...
2025-02-18 23:34:11 - Document count in 'shard2_1' completed.
2025-02-18 23:34:11 - Counting documents in 'shard2_2'...
2025-02-18 23:34:12 - Document count in 'shard2_2' completed.
2025-02-18 23:34:12 - Counting documents in 'shard2_3'...
2025-02-18 23:34:13 - Document count in 'shard2_3' completed.
