2025-02-18 23:41:42 - Initiating config server...
2025-02-18 23:41:44 - Config server initiated.
2025-02-18 23:41:49 - Initiating shard1 (shard1-replica-set) ...
2025-02-18 23:41:49 - Shard1 initiated (shard1-replica-set).
2025-02-18 23:41:55 - Initiating shard2 (shard2-replica-set) ...
2025-02-18 23:41:55 - Shard2 initiated (shard2-replica-set).
2025-02-18 23:42:00 - Configuring mongos router...
2025-02-18 23:42:17 - Mongos router configured. Shards has been added
2025-02-18 23:42:22 - Data inserted into 'helloDoc'.
2025-02-18 23:42:28 - Loading data is completed
2025-02-18 23:42:38 - Counting documents in 'shard1_1'...
2025-02-18 23:42:39 - Document count in 'shard1_1' completed.
2025-02-18 23:42:39 - Counting documents in 'shard1_2'...
2025-02-18 23:42:40 - Document count in 'shard1_2' completed.
2025-02-18 23:42:40 - Counting documents in 'shard1_3'...
2025-02-18 23:42:41 - Document count in 'shard1_3' completed.
2025-02-18 23:42:41 - Counting documents in 'shard2_1'...
2025-02-18 23:42:42 - Document count in 'shard2_1' completed.
2025-02-18 23:42:42 - Counting documents in 'shard2_2'...
2025-02-18 23:42:43 - Document count in 'shard2_2' completed.
2025-02-18 23:42:43 - Counting documents in 'shard2_3'...
2025-02-18 23:42:44 - Document count in 'shard2_3' completed.
